<?xml version="1.0" encoding="UTF-8"?>
<testsuite xmlns:xsi="http://www.w3.org/2001/XMLSchema-instance" xsi:noNamespaceSchemaLocation="https://maven.apache.org/surefire/maven-surefire-plugin/xsd/surefire-test-report-3.0.xsd" version="3.0" name="com.example.PetStoreTest" time="4.414" tests="3" errors="0" skipped="0" failures="0">
  <properties>
[...]
</properties>
  <testcase name="test01_RegisterNewPetRequest" classname="com.example.PetStoreTest" time="1.957">
    <system-out><![CDATA[HTTP/1.1 200 OK
Date: Sat, 17 Aug 2024 16:39:21 GMT
Content-Type: application/json
Transfer-Encoding: chunked
Connection: keep-alive
Access-Control-Allow-Origin: *
Access-Control-Allow-Methods: GET, POST, DELETE, PUT
Access-Control-Allow-Headers: Content-Type, api_key, Authorization
Server: Jetty(9.2.9.v20150224)

{
    "id": 701,
    "petId": 38,
    "quantity": 1,
    "shipDate": "2024-08-17T16:39:20.033+0000",
    "status": "placed",
    "complete": true
}
]]></system-out>
  </testcase>
  <testcase name="test02_RegisterPet" classname="com.example.PetStoreTest" time="0.901">
    <system-out><![CDATA[HTTP/1.1 200 OK
Date: Sat, 17 Aug 2024 16:39:22 GMT
Content-Type: application/json
Transfer-Encoding: chunked
Connection: keep-alive
Access-Control-Allow-Origin: *
Access-Control-Allow-Methods: GET, POST, DELETE, PUT
Access-Control-Allow-Headers: Content-Type, api_key, Authorization
Server: Jetty(9.2.9.v20150224)

{
    "id": 1,
    "category": {
        "id": 4,
        "name": "Beauty & Books"
    },
    "name": "worm",
    "photoUrls": [
        "https://vaccinar.com.br/wp-content/uploads/2020/08/cachorro-e-gato.png"
    ],
    "tags": [
        {
            "id": 5,
            "name": "et"
        }
    ],
    "status": "available"
}
]]></system-out>
  </testcase>
  <testcase name="test03_ChangeRegisterPet" classname="com.example.PetStoreTest" time="1.177">
    <system-out><![CDATA[HTTP/1.1 200 OK
Date: Sat, 17 Aug 2024 16:39:23 GMT
Content-Type: application/json
Transfer-Encoding: chunked
Connection: keep-alive
Access-Control-Allow-Origin: *
Access-Control-Allow-Methods: GET, POST, DELETE, PUT
Access-Control-Allow-Headers: Content-Type, api_key, Authorization
Server: Jetty(9.2.9.v20150224)

{
    "id": 1,
    "category": {
        "id": 4,
        "name": "Beauty & Books"
    },
    "name": "New name worm",
    "photoUrls": [
        "https://vaccinar.com.br/wp-content/uploads/2020/08/cachorro-e-gato.png"
    ],
    "tags": [
        {
            "id": 5,
            "name": "et"
        }
    ],
    "status": "available"
}
]]></system-out>
  </testcase>
</testsuite>